<?xml version="1.0" encoding="UTF-8"?>
<!-- Generated by org.testng.reporters.JUnitReportReporter -->
<testsuite hostname="Acer-PC" name="com.automation.expedia.Test_expedia_auto" tests="1" failures="0" timestamp="12 Dec 2015 07:50:27 GMT" time="34.448" errors="0">
  <testcase name="plantrip" time="34.448" classname="com.automation.expedia.Test_expedia_auto"/>
</testsuite> <!-- com.automation.expedia.Test_expedia_auto -->
