<?xml version="1.0" encoding="UTF-8"?>
<!-- Generated by org.testng.reporters.JUnitReportReporter -->
<testsuite hostname="wolf-PC" name="com.automation.expedia.Test_expedia_auto" tests="1" failures="0" timestamp="11 Dec 2015 00:57:51 GMT" time="8.177" errors="0">
  <testcase name="plantrip" time="8.177" classname="com.automation.expedia.Test_expedia_auto"/>
</testsuite> <!-- com.automation.expedia.Test_expedia_auto -->
